This is pdfTeX, Version 3.1415926-2.5-1.40.14 (MiKTeX 2.9) (preloaded format=pdflatex 2014.4.10)  19 AUG 2014 20:09
entering extended mode
**Android-Zusammenfassung.tex

(C:\Users\Felix\eclipse_workspace\Android-Zusammenfassung\Android-Zusammenfassu
ng.tex
LaTeX2e <2011/06/27>
Babel <v3.8m> and hyphenation patterns for english, afrikaans, ancientgreek, ar
abic, armenian, assamese, basque, bengali, bokmal, bulgarian, catalan, coptic, 
croatian, czech, danish, dutch, esperanto, estonian, farsi, finnish, french, ga
lician, german, german-x-2013-05-26, greek, gujarati, hindi, hungarian, iceland
ic, indonesian, interlingua, irish, italian, kannada, kurmanji, latin, latvian,
 lithuanian, malayalam, marathi, mongolian, mongolianlmc, monogreek, ngerman, n
german-x-2013-05-26, nynorsk, oriya, panjabi, pinyin, polish, portuguese, roman
ian, russian, sanskrit, serbian, slovak, slovenian, spanish, swedish, swissgerm
an, tamil, telugu, turkish, turkmen, ukenglish, ukrainian, uppersorbian, usengl
ishmax, welsh, loaded.
("C:\Program Files (x86)\MiKTeX 2.9\tex\latex\base\article.cls"
Document Class: article 2007/10/19 v1.4h Standard LaTeX document class
("C:\Program Files (x86)\MiKTeX 2.9\tex\latex\base\size12.clo"
File: size12.clo 2007/10/19 v1.4h Standard LaTeX file (size option)
)
\c@part=\count79
\c@section=\count80
\c@subsection=\count81
\c@subsubsection=\count82
\c@paragraph=\count83
\c@subparagraph=\count84
\c@figure=\count85
\c@table=\count86
\abovecaptionskip=\skip41
\belowcaptionskip=\skip42
\bibindent=\dimen102
)
("C:\Program Files (x86)\MiKTeX 2.9\tex\latex\geometry\geometry.sty"
Package: geometry 2010/09/12 v5.6 Page Geometry

("C:\Program Files (x86)\MiKTeX 2.9\tex\latex\graphics\keyval.sty"
Package: keyval 1999/03/16 v1.13 key=value parser (DPC)
\KV@toks@=\toks14
)
("C:\Program Files (x86)\MiKTeX 2.9\tex\generic\oberdiek\ifpdf.sty"
Package: ifpdf 2011/01/30 v2.3 Provides the ifpdf switch (HO)
Package ifpdf Info: pdfTeX in PDF mode is detected.
)
("C:\Program Files (x86)\MiKTeX 2.9\tex\generic\oberdiek\ifvtex.sty"
Package: ifvtex 2010/03/01 v1.5 Detect VTeX and its facilities (HO)
Package ifvtex Info: VTeX not detected.
)
("C:\Program Files (x86)\MiKTeX 2.9\tex\generic\ifxetex\ifxetex.sty"
Package: ifxetex 2010/09/12 v0.6 Provides ifxetex conditional
)
\Gm@cnth=\count87
\Gm@cntv=\count88
\c@Gm@tempcnt=\count89
\Gm@bindingoffset=\dimen103
\Gm@wd@mp=\dimen104
\Gm@odd@mp=\dimen105
\Gm@even@mp=\dimen106
\Gm@layoutwidth=\dimen107
\Gm@layoutheight=\dimen108
\Gm@layouthoffset=\dimen109
\Gm@layoutvoffset=\dimen110
\Gm@dimlist=\toks15

("C:\Program Files (x86)\MiKTeX 2.9\tex\latex\geometry\geometry.cfg"))
("C:\Program Files (x86)\MiKTeX 2.9\tex\latex\graphics\graphicx.sty"
Package: graphicx 1999/02/16 v1.0f Enhanced LaTeX Graphics (DPC,SPQR)

("C:\Program Files (x86)\MiKTeX 2.9\tex\latex\graphics\graphics.sty"
Package: graphics 2009/02/05 v1.0o Standard LaTeX Graphics (DPC,SPQR)

("C:\Program Files (x86)\MiKTeX 2.9\tex\latex\graphics\trig.sty"
Package: trig 1999/03/16 v1.09 sin cos tan (DPC)
)
("C:\Program Files (x86)\MiKTeX 2.9\tex\latex\00miktex\graphics.cfg"
File: graphics.cfg 2007/01/18 v1.5 graphics configuration of teTeX/TeXLive
)
Package graphics Info: Driver file: pdftex.def on input line 91.

("C:\Program Files (x86)\MiKTeX 2.9\tex\latex\pdftex-def\pdftex.def"
File: pdftex.def 2011/05/27 v0.06d Graphics/color for pdfTeX

("C:\Program Files (x86)\MiKTeX 2.9\tex\generic\oberdiek\infwarerr.sty"
Package: infwarerr 2010/04/08 v1.3 Providing info/warning/error messages (HO)
)
("C:\Program Files (x86)\MiKTeX 2.9\tex\generic\oberdiek\ltxcmds.sty"
Package: ltxcmds 2011/11/09 v1.22 LaTeX kernel commands for general use (HO)
)
\Gread@gobject=\count90
))
\Gin@req@height=\dimen111
\Gin@req@width=\dimen112
)
("C:\Program Files (x86)\MiKTeX 2.9\tex\latex\psnfss\helvet.sty"
Package: helvet 2005/04/12 PSNFSS-v9.2a (WaS) 
)
("C:\Program Files (x86)\MiKTeX 2.9\tex\latex\amsmath\amsmath.sty"
Package: amsmath 2013/01/14 v2.14 AMS math features
\@mathmargin=\skip43

For additional information on amsmath, use the `?' option.
("C:\Program Files (x86)\MiKTeX 2.9\tex\latex\amsmath\amstext.sty"
Package: amstext 2000/06/29 v2.01

("C:\Program Files (x86)\MiKTeX 2.9\tex\latex\amsmath\amsgen.sty"
File: amsgen.sty 1999/11/30 v2.0
\@emptytoks=\toks16
\ex@=\dimen113
))
("C:\Program Files (x86)\MiKTeX 2.9\tex\latex\amsmath\amsbsy.sty"
Package: amsbsy 1999/11/29 v1.2d
\pmbraise@=\dimen114
)
("C:\Program Files (x86)\MiKTeX 2.9\tex\latex\amsmath\amsopn.sty"
Package: amsopn 1999/12/14 v2.01 operator names
)
\inf@bad=\count91
LaTeX Info: Redefining \frac on input line 210.
\uproot@=\count92
\leftroot@=\count93
LaTeX Info: Redefining \overline on input line 306.
\classnum@=\count94
\DOTSCASE@=\count95
LaTeX Info: Redefining \ldots on input line 378.
LaTeX Info: Redefining \dots on input line 381.
LaTeX Info: Redefining \cdots on input line 466.
\Mathstrutbox@=\box26
\strutbox@=\box27
\big@size=\dimen115
LaTeX Font Info:    Redeclaring font encoding OML on input line 566.
LaTeX Font Info:    Redeclaring font encoding OMS on input line 567.
\macc@depth=\count96
\c@MaxMatrixCols=\count97
\dotsspace@=\muskip10
\c@parentequation=\count98
\dspbrk@lvl=\count99
\tag@help=\toks17
\row@=\count100
\column@=\count101
\maxfields@=\count102
\andhelp@=\toks18
\eqnshift@=\dimen116
\alignsep@=\dimen117
\tagshift@=\dimen118
\tagwidth@=\dimen119
\totwidth@=\dimen120
\lineht@=\dimen121
\@envbody=\toks19
\multlinegap=\skip44
\multlinetaggap=\skip45
\mathdisplay@stack=\toks20
LaTeX Info: Redefining \[ on input line 2665.
LaTeX Info: Redefining \] on input line 2666.
)
("C:\Program Files (x86)\MiKTeX 2.9\tex\latex\amscls\amsthm.sty"
Package: amsthm 2004/08/06 v2.20
\thm@style=\toks21
\thm@bodyfont=\toks22
\thm@headfont=\toks23
\thm@notefont=\toks24
\thm@headpunct=\toks25
\thm@preskip=\skip46
\thm@postskip=\skip47
\thm@headsep=\skip48
\dth@everypar=\toks26
)
("C:\Program Files (x86)\MiKTeX 2.9\tex\latex\amsfonts\amssymb.sty"
Package: amssymb 2013/01/14 v3.01 AMS font symbols

("C:\Program Files (x86)\MiKTeX 2.9\tex\latex\amsfonts\amsfonts.sty"
Package: amsfonts 2013/01/14 v3.01 Basic AMSFonts support
\symAMSa=\mathgroup4
\symAMSb=\mathgroup5
LaTeX Font Info:    Overwriting math alphabet `\mathfrak' in version `bold'
(Font)                  U/euf/m/n --> U/euf/b/n on input line 106.
))
("C:\Program Files (x86)\MiKTeX 2.9\tex\latex\hyperref\hyperref.sty"
Package: hyperref 2012/11/06 v6.83m Hypertext links for LaTeX

("C:\Program Files (x86)\MiKTeX 2.9\tex\generic\oberdiek\hobsub-hyperref.sty"
Package: hobsub-hyperref 2012/04/25 v1.12 Bundle oberdiek, subset hyperref (HO)


("C:\Program Files (x86)\MiKTeX 2.9\tex\generic\oberdiek\hobsub-generic.sty"
Package: hobsub-generic 2012/04/25 v1.12 Bundle oberdiek, subset generic (HO)
Package: hobsub 2012/04/25 v1.12 Construct package bundles (HO)
Package hobsub Info: Skipping package `infwarerr' (already loaded).
Package hobsub Info: Skipping package `ltxcmds' (already loaded).
Package: ifluatex 2010/03/01 v1.3 Provides the ifluatex switch (HO)
Package ifluatex Info: LuaTeX not detected.
Package hobsub Info: Skipping package `ifvtex' (already loaded).
Package: intcalc 2007/09/27 v1.1 Expandable calculations with integers (HO)
Package hobsub Info: Skipping package `ifpdf' (already loaded).
Package: etexcmds 2011/02/16 v1.5 Avoid name clashes with e-TeX commands (HO)
Package etexcmds Info: Could not find \expanded.
(etexcmds)             That can mean that you are not using pdfTeX 1.50 or
(etexcmds)             that some package has redefined \expanded.
(etexcmds)             In the latter case, load this package earlier.
Package: kvsetkeys 2012/04/25 v1.16 Key value parser (HO)
Package: kvdefinekeys 2011/04/07 v1.3 Define keys (HO)
Package: pdftexcmds 2011/11/29 v0.20 Utility functions of pdfTeX for LuaTeX (HO
)
Package pdftexcmds Info: LuaTeX not detected.
Package pdftexcmds Info: \pdf@primitive is available.
Package pdftexcmds Info: \pdf@ifprimitive is available.
Package pdftexcmds Info: \pdfdraftmode found.
Package: pdfescape 2011/11/25 v1.13 Implements pdfTeX's escape features (HO)
Package: bigintcalc 2012/04/08 v1.3 Expandable calculations on big integers (HO
)
Package: bitset 2011/01/30 v1.1 Handle bit-vector datatype (HO)
Package: uniquecounter 2011/01/30 v1.2 Provide unlimited unique counter (HO)
)
Package hobsub Info: Skipping package `hobsub' (already loaded).
Package: letltxmacro 2010/09/02 v1.4 Let assignment for LaTeX macros (HO)
Package: hopatch 2011/06/24 v1.1 Wrapper for package hooks (HO)
Package: xcolor-patch 2011/01/30 xcolor patch
Package: atveryend 2011/06/30 v1.8 Hooks at the very end of document (HO)
Package atveryend Info: \enddocument detected (standard20110627).
Package: atbegshi 2011/10/05 v1.16 At begin shipout hook (HO)
Package: refcount 2011/10/16 v3.4 Data extraction from label references (HO)
Package: hycolor 2011/01/30 v1.7 Color options for hyperref/bookmark (HO)
)
("C:\Program Files (x86)\MiKTeX 2.9\tex\latex\oberdiek\auxhook.sty"
Package: auxhook 2011/03/04 v1.3 Hooks for auxiliary files (HO)
)
("C:\Program Files (x86)\MiKTeX 2.9\tex\latex\oberdiek\kvoptions.sty"
Package: kvoptions 2011/06/30 v3.11 Key value format for package options (HO)
)
\@linkdim=\dimen122
\Hy@linkcounter=\count103
\Hy@pagecounter=\count104

("C:\Program Files (x86)\MiKTeX 2.9\tex\latex\hyperref\pd1enc.def"
File: pd1enc.def 2012/11/06 v6.83m Hyperref: PDFDocEncoding definition (HO)
)
\Hy@SavedSpaceFactor=\count105

("C:\Program Files (x86)\MiKTeX 2.9\tex\latex\00miktex\hyperref.cfg"
File: hyperref.cfg 2002/06/06 v1.2 hyperref configuration of TeXLive
)
Package hyperref Info: Hyper figures OFF on input line 4443.
Package hyperref Info: Link nesting OFF on input line 4448.
Package hyperref Info: Hyper index ON on input line 4451.
Package hyperref Info: Plain pages OFF on input line 4458.
Package hyperref Info: Backreferencing OFF on input line 4463.
Package hyperref Info: Implicit mode ON; LaTeX internals redefined.
Package hyperref Info: Bookmarks ON on input line 4688.
\c@Hy@tempcnt=\count106

(C:\Users\Felix\AppData\Roaming\MiKTeX\2.9\tex\latex\url\url.sty
\Urlmuskip=\muskip11
Package: url 2013/09/16  ver 3.4  Verb mode for urls, etc.
)
LaTeX Info: Redefining \url on input line 5041.
\XeTeXLinkMargin=\dimen123
\Fld@menulength=\count107
\Field@Width=\dimen124
\Fld@charsize=\dimen125
Package hyperref Info: Hyper figures OFF on input line 6295.
Package hyperref Info: Link nesting OFF on input line 6300.
Package hyperref Info: Hyper index ON on input line 6303.
Package hyperref Info: backreferencing OFF on input line 6310.
Package hyperref Info: Link coloring OFF on input line 6315.
Package hyperref Info: Link coloring with OCG OFF on input line 6320.
Package hyperref Info: PDF/A mode OFF on input line 6325.
LaTeX Info: Redefining \ref on input line 6365.
LaTeX Info: Redefining \pageref on input line 6369.
\Hy@abspage=\count108
\c@Item=\count109
\c@Hfootnote=\count110
)

Package hyperref Message: Driver (autodetected): hpdftex.

("C:\Program Files (x86)\MiKTeX 2.9\tex\latex\hyperref\hpdftex.def"
File: hpdftex.def 2012/11/06 v6.83m Hyperref driver for pdfTeX
\Fld@listcount=\count111
\c@bookmark@seq@number=\count112

("C:\Program Files (x86)\MiKTeX 2.9\tex\latex\oberdiek\rerunfilecheck.sty"
Package: rerunfilecheck 2011/04/15 v1.7 Rerun checks for auxiliary files (HO)
Package uniquecounter Info: New unique counter `rerunfilecheck' on input line 2
82.
)
\Hy@SectionHShift=\skip49
)
("C:\Program Files (x86)\MiKTeX 2.9\tex\latex\eurosym\eurosym.sty"
Package: eurosym 1998/08/06 v1.1 European currency symbol ``Euro''
\@eurobox=\box28
)
("C:\Program Files (x86)\MiKTeX 2.9\tex\latex\base\inputenc.sty"
Package: inputenc 2008/03/30 v1.1d Input encoding file
\inpenc@prehook=\toks27
\inpenc@posthook=\toks28

("C:\Program Files (x86)\MiKTeX 2.9\tex\latex\base\latin1.def"
File: latin1.def 2008/03/30 v1.1d Input encoding file
))
(C:\Users\Felix\eclipse_workspace\Android-Zusammenfassung\Android-Zusammenfassu
ng.aux)
LaTeX Font Info:    Checking defaults for OML/cmm/m/it on input line 17.
LaTeX Font Info:    ... okay on input line 17.
LaTeX Font Info:    Checking defaults for T1/cmr/m/n on input line 17.
LaTeX Font Info:    ... okay on input line 17.
LaTeX Font Info:    Checking defaults for OT1/cmr/m/n on input line 17.
LaTeX Font Info:    ... okay on input line 17.
LaTeX Font Info:    Checking defaults for OMS/cmsy/m/n on input line 17.
LaTeX Font Info:    ... okay on input line 17.
LaTeX Font Info:    Checking defaults for OMX/cmex/m/n on input line 17.
LaTeX Font Info:    ... okay on input line 17.
LaTeX Font Info:    Checking defaults for U/cmr/m/n on input line 17.
LaTeX Font Info:    ... okay on input line 17.
LaTeX Font Info:    Checking defaults for PD1/pdf/m/n on input line 17.
LaTeX Font Info:    ... okay on input line 17.

*geometry* driver: auto-detecting
*geometry* detected driver: pdftex
*geometry* verbose mode - [ preamble ] result:
* driver: pdftex
* paper: a4paper
* layout: <same size as paper>
* layoutoffset:(h,v)=(0.0pt,0.0pt)
* modes: 
* h-part:(L,W,R)=(85.35826pt, 455.24411pt, 56.9055pt)
* v-part:(T,H,B)=(56.9055pt, 686.7347pt, 101.40665pt)
* \paperwidth=597.50787pt
* \paperheight=845.04684pt
* \textwidth=455.24411pt
* \textheight=686.7347pt
* \oddsidemargin=13.08827pt
* \evensidemargin=13.08827pt
* \topmargin=-55.1986pt
* \headheight=22.76228pt
* \headsep=17.07182pt
* \topskip=12.0pt
* \footskip=0.0pt
* \marginparwidth=35.0pt
* \marginparsep=10.0pt
* \columnsep=10.0pt
* \skip\footins=10.8pt plus 4.0pt minus 2.0pt
* \hoffset=0.0pt
* \voffset=0.0pt
* \mag=1000
* \@twocolumnfalse
* \@twosidefalse
* \@mparswitchfalse
* \@reversemarginfalse
* (1in=72.27pt=25.4mm, 1cm=28.453pt)

(C:\Users\Felix\AppData\Roaming\MiKTeX\2.9\tex\context\base\supp-pdf.mkii
[Loading MPS to PDF converter (version 2006.09.02).]
\scratchcounter=\count113
\scratchdimen=\dimen126
\scratchbox=\box29
\nofMPsegments=\count114
\nofMParguments=\count115
\everyMPshowfont=\toks29
\MPscratchCnt=\count116
\MPscratchDim=\dimen127
\MPnumerator=\count117
\makeMPintoPDFobject=\count118
\everyMPtoPDFconversion=\toks30
)
\AtBeginShipoutBox=\box30
Package hyperref Info: Link coloring OFF on input line 17.
 ("C:\Program Files (x86)\MiKTeX 2.9\tex\latex\hyperref\nameref.sty"
Package: nameref 2012/10/27 v2.43 Cross-referencing by name of section

("C:\Program Files (x86)\MiKTeX 2.9\tex\generic\oberdiek\gettitlestring.sty"
Package: gettitlestring 2010/12/03 v1.4 Cleanup title references (HO)
)
\c@section@level=\count119
)
LaTeX Info: Redefining \ref on input line 17.
LaTeX Info: Redefining \pageref on input line 17.
LaTeX Info: Redefining \nameref on input line 17.

(C:\Users\Felix\eclipse_workspace\Android-Zusammenfassung\Android-Zusammenfassu
ng.out)
(C:\Users\Felix\eclipse_workspace\Android-Zusammenfassung\Android-Zusammenfassu
ng.out)
\@outlinefile=\write3
 <grafiken/HTW-Logo.png, id=95, 192.72pt x 45.46988pt>
File: grafiken/HTW-Logo.png Graphic file (type png)

<use grafiken/HTW-Logo.png>
Package pdftex.def Info: grafiken/HTW-Logo.png used on input line 21.
(pdftex.def)             Requested size: 192.71951pt x 45.46974pt.
 [1

{C:/Users/Felix/AppData/Local/MiKTeX/2.9/pdftex/config/pdftex.map} <C:/Users/Fe
lix/eclipse_workspace/Android-Zusammenfassung/grafiken/HTW-Logo.png>]
\c@satz=\count120

(C:\Users\Felix\eclipse_workspace\Android-Zusammenfassung\Android-Zusammenfassu
ng.toc
LaTeX Font Info:    Try loading font information for U+msa on input line 2.
 ("C:\Program Files (x86)\MiKTeX 2.9\tex\latex\amsfonts\umsa.fd"
File: umsa.fd 2013/01/14 v3.01 AMS symbols A
)
LaTeX Font Info:    Try loading font information for U+msb on input line 2.

("C:\Program Files (x86)\MiKTeX 2.9\tex\latex\amsfonts\umsb.fd"
File: umsb.fd 2013/01/14 v3.01 AMS symbols B
))
\tf@toc=\write4
\c@roemisch=\count121
 [3

]
<grafiken/ordnerstruktur.jpg, id=133, 304.13625pt x 393.72093pt>
File: grafiken/ordnerstruktur.jpg Graphic file (type jpg)

<use grafiken/ordnerstruktur.jpg>
Package pdftex.def Info: grafiken/ordnerstruktur.jpg used on input line 63.
(pdftex.def)             Requested size: 304.1355pt x 393.71997pt.

<grafiken/leereAppAndroidManifest.jpg, id=134, 439.6425pt x 271.76532pt>
File: grafiken/leereAppAndroidManifest.jpg Graphic file (type jpg)

<use grafiken/leereAppAndroidManifest.jpg>
Package pdftex.def Info: grafiken/leereAppAndroidManifest.jpg used on input lin
e 72.
(pdftex.def)             Requested size: 439.64142pt x 271.76465pt.
LaTeX Font Info:    Try loading font information for OML+cmr on input line 74.

("C:\Program Files (x86)\MiKTeX 2.9\tex\latex\base\omlcmr.fd"
File: omlcmr.fd 1999/05/25 v2.5h Standard LaTeX font definitions
)
LaTeX Font Info:    Font shape `OML/cmr/m/it' in size <12> not available
(Font)              Font shape `OML/cmm/m/it' tried instead on input line 74.

Overfull \hbox (4.37288pt too wide) in paragraph at lines 66--86
\OT1/cmr/m/n/12 At-tribut an-droid:name bein-hal-tet den im As-sis-ten-ten eing
egebe-nen Activity-Namen. Wenn
 []

pdfTeX warning (ext4): destination with the same identifier (name{page.1}) has 
been already used, duplicate ignored
<to be read again> 
                   \relax 
l.86 
      [1

 <C:/Users/Felix/eclipse_workspace/Android-Zusammenfassung/grafiken/ordnerstruk
tur.jpg>]
<grafiken/leereAppStrings.jpg, id=138, 264.99pt x 225.84375pt>
File: grafiken/leereAppStrings.jpg Graphic file (type jpg)

<use grafiken/leereAppStrings.jpg>
Package pdftex.def Info: grafiken/leereAppStrings.jpg used on input line 88.
(pdftex.def)             Requested size: 264.98935pt x 225.84319pt.

<grafiken/leereAppStrings1.jpg, id=139, 356.83313pt x 115.18031pt>
File: grafiken/leereAppStrings1.jpg Graphic file (type jpg)

<use grafiken/leereAppStrings1.jpg>
Package pdftex.def Info: grafiken/leereAppStrings1.jpg used on input line 89.
(pdftex.def)             Requested size: 356.83224pt x 115.18001pt.
 [2 <C:/Users/Felix/eclipse_workspace/Android-Zusammenfassung/grafiken/leereApp
AndroidManifest.jpg>]
<grafiken/leereAppMenue2.jpg, id=146, 195.73125pt x 269.50688pt>
File: grafiken/leereAppMenue2.jpg Graphic file (type jpg)

<use grafiken/leereAppMenue2.jpg>
Package pdftex.def Info: grafiken/leereAppMenue2.jpg used on input line 109.
(pdftex.def)             Requested size: 195.73076pt x 269.50621pt.

<grafiken/leereAppMenue.jpg, id=147, 482.55281pt x 255.95625pt>
File: grafiken/leereAppMenue.jpg Graphic file (type jpg)

<use grafiken/leereAppMenue.jpg>
Package pdftex.def Info: grafiken/leereAppMenue.jpg used on input line 110.
(pdftex.def)             Requested size: 482.55162pt x 255.95561pt.

Overfull \hbox (27.30751pt too wide) in paragraph at lines 109--134
[] 
 []

[3 <C:/Users/Felix/eclipse_workspace/Android-Zusammenfassung/grafiken/leereAppS
trings.jpg> <C:/Users/Felix/eclipse_workspace/Android-Zusammenfassung/grafiken/
leereAppStrings1.jpg>] [4 <C:/Users/Felix/eclipse_workspace/Android-Zusammenfas
sung/grafiken/leereAppMenue2.jpg> <C:/Users/Felix/eclipse_workspace/Android-Zus
ammenfassung/grafiken/leereAppMenue.jpg>]
<grafiken/leereActivityLayout.jpg, id=156, 180.675pt x 255.95625pt>
File: grafiken/leereActivityLayout.jpg Graphic file (type jpg)

<use grafiken/leereActivityLayout.jpg>
Package pdftex.def Info: grafiken/leereActivityLayout.jpg used on input line 13
7.
(pdftex.def)             Requested size: 180.67455pt x 255.95561pt.

<grafiken/leereActivityLayout2.jpg, id=157, 500.62032pt x 340.27126pt>
File: grafiken/leereActivityLayout2.jpg Graphic file (type jpg)

<use grafiken/leereActivityLayout2.jpg>
Package pdftex.def Info: grafiken/leereActivityLayout2.jpg used on input line 1
38.
(pdftex.def)             Requested size: 500.6191pt x 340.27042pt.

<grafiken/leereActivityLayoutMindest.jpg, id=158, 389.95688pt x 49.68562pt>
File: grafiken/leereActivityLayoutMindest.jpg Graphic file (type jpg)

<use grafiken/leereActivityLayoutMindest.jpg>
Package pdftex.def Info: grafiken/leereActivityLayoutMindest.jpg used on input 
line 153.
(pdftex.def)             Requested size: 389.95592pt x 49.6855pt.

Overfull \hbox (45.37498pt too wide) in paragraph at lines 137--158
[]
 []


Underfull \hbox (badness 10000) in paragraph at lines 137--158

 []

[5] [6 <C:/Users/Felix/eclipse_workspace/Android-Zusammenfassung/grafiken/leere
ActivityLayout.jpg> <C:/Users/Felix/eclipse_workspace/Android-Zusammenfassung/g
rafiken/leereActivityLayout2.jpg>]
LaTeX Font Info:    Try loading font information for OMS+cmr on input line 172.


("C:\Program Files (x86)\MiKTeX 2.9\tex\latex\base\omscmr.fd"
File: omscmr.fd 1999/05/25 v2.5h Standard LaTeX font definitions
)
LaTeX Font Info:    Font shape `OMS/cmr/m/n' in size <12> not available
(Font)              Font shape `OMS/cmsy/m/n' tried instead on input line 172.

Overfull \hbox (5.89969pt too wide) in paragraph at lines 184--186
[][]\OT1/cmr/m/n/12 ahnlich dem Table-Lay-out, kann je-doch so ein-fach wie da
s Lin-ear-Lay-out angewen-
 []

[7 <C:/Users/Felix/eclipse_workspace/Android-Zusammenfassung/grafiken/leereActi
vityLayoutMindest.jpg>]
Overfull \hbox (30.05222pt too wide) in paragraph at lines 201--203
[][]\OT1/cmr/m/n/12 alle Layout-Elemente wer-den in der linken oberen Ecke aus-
gerichtet und ubereinander
 []


Overfull \hbox (3.70088pt too wide) in paragraph at lines 226--239
\OT1/cmr/m/n/12 '\OT1/cmr/m/it/12 %Appname/src/main/java/%packagename/\OT1/cmr/
m/n/12 ' abgelegt ist. Die dazugehorige Layout-Datei
 []

[8]
Overfull \hbox (3.16241pt too wide) in paragraph at lines 254--258
[][]\OT1/cmr/m/n/12 Wiederherstellen eines gespe-icherten Zu-s-tands um Wieder-
an-laufzeiten einer
 []


Overfull \hbox (26.15338pt too wide) in paragraph at lines 254--258
\OT1/cmr/m/n/12 Ac-tiv-ity zu op-ti-mieren. An-droid stoppt Ac-tiv-i-ties unter
 bes-timmten Umstanden
 []

[9] <grafiken/beispielExpliziteIntents.jpg, id=181, 286.82156pt x 50.43843pt>
File: grafiken/beispielExpliziteIntents.jpg Graphic file (type jpg)

<use grafiken/beispielExpliziteIntents.jpg>
Package pdftex.def Info: grafiken/beispielExpliziteIntents.jpg used on input li
ne 314.
(pdftex.def)             Requested size: 286.82085pt x 50.4383pt.
 [10 <C:/Users/Felix/eclipse_workspace/Android-Zusammenfassung/grafiken/beispie
lExpliziteIntents.jpg>]
<grafiken/beispielImpliziteIntents.jpg, id=186, 251.43938pt x 48.93282pt>
File: grafiken/beispielImpliziteIntents.jpg Graphic file (type jpg)

<use grafiken/beispielImpliziteIntents.jpg>
Package pdftex.def Info: grafiken/beispielImpliziteIntents.jpg used on input li
ne 333.
(pdftex.def)             Requested size: 251.43875pt x 48.93268pt.

<grafiken/beispielActivityIntents.jpg, id=187, 280.04625pt x 33.12375pt>
File: grafiken/beispielActivityIntents.jpg Graphic file (type jpg)

<use grafiken/beispielActivityIntents.jpg>
Package pdftex.def Info: grafiken/beispielActivityIntents.jpg used on input lin
e 342.
(pdftex.def)             Requested size: 280.04555pt x 33.12366pt.

<grafiken/fragmentBeispiel.jpg, id=188, 298.86656pt x 271.0125pt>
File: grafiken/fragmentBeispiel.jpg Graphic file (type jpg)

<use grafiken/fragmentBeispiel.jpg>
Package pdftex.def Info: grafiken/fragmentBeispiel.jpg used on input line 361.
(pdftex.def)             Requested size: 298.86581pt x 271.01183pt.

<grafiken/fragmentInActivityEinbetten.jpg, id=189, 277.78781pt x 104.64093pt>
File: grafiken/fragmentInActivityEinbetten.jpg Graphic file (type jpg)

<use grafiken/fragmentInActivityEinbetten.jpg>
Package pdftex.def Info: grafiken/fragmentInActivityEinbetten.jpg used on input
 line 366.
(pdftex.def)             Requested size: 277.78711pt x 104.64066pt.
 [11 <C:/Users/Felix/eclipse_workspace/Android-Zusammenfassung/grafiken/beispie
lImpliziteIntents.jpg> <C:/Users/Felix/eclipse_workspace/Android-Zusammenfassun
g/grafiken/beispielActivityIntents.jpg>] [12 <C:/Users/Felix/eclipse_workspace/
Android-Zusammenfassung/grafiken/fragmentBeispiel.jpg> <C:/Users/Felix/eclipse_
workspace/Android-Zusammenfassung/grafiken/fragmentInActivityEinbetten.jpg>]
<grafiken/services.jpg, id=199, 486.31688pt x 459.21562pt>
File: grafiken/services.jpg Graphic file (type jpg)

<use grafiken/services.jpg>
Package pdftex.def Info: grafiken/services.jpg used on input line 393.
(pdftex.def)             Requested size: 486.31569pt x 459.2145pt.

Overfull \hbox (31.07158pt too wide) in paragraph at lines 393--394
[][] 
 []

[13 <C:/Users/Felix/eclipse_workspace/Android-Zusammenfassung/grafiken/services
.jpg>]
<grafiken/action_settings_mainActivity2.jpg, id=204, 407.27156pt x 78.2925pt>
File: grafiken/action_settings_mainActivity2.jpg Graphic file (type jpg)

<use grafiken/action_settings_mainActivity2.jpg>
Package pdftex.def Info: grafiken/action_settings_mainActivity2.jpg used on inp
ut line 414.
(pdftex.def)             Requested size: 407.27055pt x 78.2923pt.

<grafiken/action_settings_menu.jpg, id=205, 340.27126pt x 280.79906pt>
File: grafiken/action_settings_menu.jpg Graphic file (type jpg)

<use grafiken/action_settings_menu.jpg>
Package pdftex.def Info: grafiken/action_settings_menu.jpg used on input line 4
17.
(pdftex.def)             Requested size: 340.27042pt x 280.79837pt.

<grafiken/action_settings_menu_layout.jpg, id=206, 170.88844pt x 312.41719pt>
File: grafiken/action_settings_menu_layout.jpg Graphic file (type jpg)

<use grafiken/action_settings_menu_layout.jpg>
Package pdftex.def Info: grafiken/action_settings_menu_layout.jpg used on input
 line 418.
(pdftex.def)             Requested size: 170.88802pt x 312.41641pt.

<grafiken/action_settings_menu_layout_always.jpg, id=207, 164.86594pt x 313.17p
t>
File: grafiken/action_settings_menu_layout_always.jpg Graphic file (type jpg)
 <use grafiken/action_settings_menu_layout_always.jpg>
Package pdftex.def Info: grafiken/action_settings_menu_layout_always.jpg used o
n input line 433.
(pdftex.def)             Requested size: 164.86551pt x 313.16922pt.

<grafiken/action_settings_menu_layout_icon.jpg, id=208, 171.64125pt x 311.66437
pt>
File: grafiken/action_settings_menu_layout_icon.jpg Graphic file (type jpg)
 <use grafiken/action_settings_menu_layout_icon.jpg>
Package pdftex.def Info: grafiken/action_settings_menu_layout_icon.jpg used on 
input line 441.
(pdftex.def)             Requested size: 171.64081pt x 311.6636pt.

<grafiken/icons_ordner.jpg, id=209, 149.8097pt x 85.06781pt>
File: grafiken/icons_ordner.jpg Graphic file (type jpg)

<use grafiken/icons_ordner.jpg>
Package pdftex.def Info: grafiken/icons_ordner.jpg used on input line 444.
(pdftex.def)             Requested size: 149.80931pt x 85.0676pt.

<grafiken/icons_xml.jpg, id=210, 350.81062pt x 220.57407pt>
File: grafiken/icons_xml.jpg Graphic file (type jpg)

<use grafiken/icons_xml.jpg>
Package pdftex.def Info: grafiken/icons_xml.jpg used on input line 447.
(pdftex.def)             Requested size: 350.80975pt x 220.57352pt.

<grafiken/action_settings_mainActivity.jpg, id=211, 271.76532pt x 127.97812pt>
File: grafiken/action_settings_mainActivity.jpg Graphic file (type jpg)

<use grafiken/action_settings_mainActivity.jpg>
Package pdftex.def Info: grafiken/action_settings_mainActivity.jpg used on inpu
t line 450.
(pdftex.def)             Requested size: 271.76465pt x 127.9778pt.

Overfull \hbox (0.9326pt too wide) in paragraph at lines 409--455
 []\OT1/cmr/bx/n/12 Optionsmenus[] []\OT1/cmr/m/n/12 Die Er-stel-lung eines Me
nueintrages in der Ac-tion-Bar ist schnell erledigt.
 []


Underfull \hbox (badness 10000) in paragraph at lines 409--455

 []


Underfull \hbox (badness 10000) in paragraph at lines 409--455

 []


Overfull \hbox (58.5254pt too wide) in paragraph at lines 409--455
[] [] 
 []


Overfull \hbox (11.39465pt too wide) in paragraph at lines 409--455
\OT1/cmr/m/n/12 geschieht durch []Anderung der eben be-sproch-enen Zeile in: \O
T1/cmr/m/it/12 an-droid:showAsAction="always"\OT1/cmr/m/n/12 . 
 []


Underfull \hbox (badness 10000) in paragraph at lines 409--455

 []


Underfull \hbox (badness 10000) in paragraph at lines 409--455

 []


Overfull \hbox (7.23471pt too wide) in paragraph at lines 409--455
\OT1/cmr/m/n/12 Mit \OT1/cmr/m/it/12 an-droid:showAsAction="ifRoom" \OT1/cmr/m/
n/12 wer-den die Menueintrage in der Ac-tion-Bar angezeigt,
 []


Overfull \hbox (22.6852pt too wide) in paragraph at lines 409--455
\OT1/cmr/m/n/12 und die icons in der Menu-Ressourcendatei \OT1/cmr/m/it/12 mai
n.xml \OT1/cmr/m/n/12 beim entsprechen-den Menuelement(item)
 []


Underfull \hbox (badness 10000) in paragraph at lines 409--455

 []

[14 <C:/Users/Felix/eclipse_workspace/Android-Zusammenfassung/grafiken/action_s
ettings_mainActivity2.jpg> <C:/Users/Felix/eclipse_workspace/Android-Zusammenfa
ssung/grafiken/action_settings_menu.jpg> <C:/Users/Felix/eclipse_workspace/Andr
oid-Zusammenfassung/grafiken/action_settings_menu_layout.jpg>] [15 <C:/Users/Fe
lix/eclipse_workspace/Android-Zusammenfassung/grafiken/action_settings_menu_lay
out_always.jpg>] [16 <C:/Users/Felix/eclipse_workspace/Android-Zusammenfassung/
grafiken/action_settings_menu_layout_icon.jpg> <C:/Users/Felix/eclipse_workspac
e/Android-Zusammenfassung/grafiken/icons_ordner.jpg>]
<grafiken/kontextmenuesRegister.jpg, id=225, 531.48563pt x 195.73125pt>
File: grafiken/kontextmenuesRegister.jpg Graphic file (type jpg)

<use grafiken/kontextmenuesRegister.jpg>
Package pdftex.def Info: grafiken/kontextmenuesRegister.jpg used on input line 
465.
(pdftex.def)             Requested size: 531.48433pt x 195.73076pt.

<grafiken/kontextmenuesOnCreate.jpg, id=226, 524.71031pt x 83.5622pt>
File: grafiken/kontextmenuesOnCreate.jpg Graphic file (type jpg)

<use grafiken/kontextmenuesOnCreate.jpg>
Package pdftex.def Info: grafiken/kontextmenuesOnCreate.jpg used on input line 
470.
(pdftex.def)             Requested size: 524.70901pt x 83.56198pt.

<grafiken/kontextmenuesOnContextItemSelected.JPG, id=227, 525.46312pt x 181.427
81pt>
File: grafiken/kontextmenuesOnContextItemSelected.JPG Graphic file (type jpg)
 <use grafiken/kontextmenuesOnContextItemSelected.JPG>
Package pdftex.def Info: grafiken/kontextmenuesOnContextItemSelected.JPG used o
n input line 475.
(pdftex.def)             Requested size: 525.46184pt x 181.42737pt.

Underfull \hbox (badness 10000) in paragraph at lines 457--476

 []


Overfull \hbox (76.24022pt too wide) in paragraph at lines 457--476
[] 
 []


Underfull \hbox (badness 10000) in paragraph at lines 457--476

 []


Underfull \hbox (badness 10000) in paragraph at lines 457--476

 []


Overfull \hbox (69.4649pt too wide) in paragraph at lines 457--476
[] 
 []


Underfull \hbox (badness 10000) in paragraph at lines 457--476

 []


Overfull \hbox (70.21773pt too wide) in paragraph at lines 457--476
[] 
 []

[17 <C:/Users/Felix/eclipse_workspace/Android-Zusammenfassung/grafiken/icons_xm
l.jpg> <C:/Users/Felix/eclipse_workspace/Android-Zusammenfassung/grafiken/actio
n_settings_mainActivity.jpg>]
Package atveryend Info: Empty hook `BeforeClearDocument' on input line 492.
 [18 <C:/Users/Felix/eclipse_workspace/Android-Zusammenfassung/grafiken/kontext
menuesRegister.jpg> <C:/Users/Felix/eclipse_workspace/Android-Zusammenfassung/g
rafiken/kontextmenuesOnCreate.jpg> <C:/Users/Felix/eclipse_workspace/Android-Zu
sammenfassung/grafiken/kontextmenuesOnContextItemSelected.JPG>] [19]
Package atveryend Info: Empty hook `AfterLastShipout' on input line 492.

(C:\Users\Felix\eclipse_workspace\Android-Zusammenfassung\Android-Zusammenfassu
ng.aux)
Package atveryend Info: Executing hook `AtVeryEndDocument' on input line 492.
Package atveryend Info: Executing hook `AtEndAfterFileList' on input line 492.
Package rerunfilecheck Info: File `Android-Zusammenfassung.out' has not changed
.
(rerunfilecheck)             Checksum: 3EDF9BE6BAA65149F91F63F9B4557504;1784.
Package atveryend Info: Empty hook `AtVeryVeryEnd' on input line 492.
 ) 
Here is how much of TeX's memory you used:
 6706 strings out of 493921
 100220 string characters out of 3144876
 181016 words of memory out of 3000000
 9844 multiletter control sequences out of 15000+200000
 10749 words of font info for 40 fonts, out of 3000000 for 9000
 841 hyphenation exceptions out of 8191
 29i,4n,28p,267b,450s stack positions out of 5000i,500n,10000p,200000b,50000s
<C:/Program Files (x86)/MiKTeX 2.9/fonts/type1/public/amsfonts/cm/cmbx12.pfb>
<C:/Program Files (x86)/MiKTeX 2.9/fonts/type1/public/amsfonts/cm/cmmi12.pfb><C
:/Program Files (x86)/MiKTeX 2.9/fonts/type1/public/amsfonts/cm/cmr10.pfb><C:/P
rogram Files (x86)/MiKTeX 2.9/fonts/type1/public/amsfonts/cm/cmr12.pfb><C:/Prog
ram Files (x86)/MiKTeX 2.9/fonts/type1/public/amsfonts/cm/cmr17.pfb><C:/Program
 Files (x86)/MiKTeX 2.9/fonts/type1/public/amsfonts/cm/cmsy10.pfb><C:/Program F
iles (x86)/MiKTeX 2.9/fonts/type1/public/amsfonts/cm/cmti12.pfb>
Output written on Android-Zusammenfassung.pdf (21 pages, 886833 bytes).
PDF statistics:
 278 PDF objects out of 1000 (max. 8388607)
 47 named destinations out of 1000 (max. 500000)
 320 words of extra memory for PDF output out of 10000 (max. 10000000)

